<?xml version="1.0" encoding="UTF-8"?>
<testng-results skipped="0" failed="0" ignored="0" total="1" passed="1">
  <reporter-output>
  </reporter-output>
  <suite name="Suite" duration-ms="65309" started-at="2020-02-19T13:32:56Z" finished-at="2020-02-19T13:34:02Z">
    <groups>
    </groups>
    <test name="Test" duration-ms="65309" started-at="2020-02-19T13:32:56Z" finished-at="2020-02-19T13:34:02Z">
      <class name="MobileApp.GoalTracker.GoalTest">
        <test-method status="PASS" signature="killAllNodes()[pri:0, instance:MobileApp.GoalTracker.GoalTest@3ffc5af1]" name="killAllNodes" is-config="true" duration-ms="3027" started-at="2020-02-19T13:32:56Z" finished-at="2020-02-19T13:32:59Z">
          <reporter-output>
          </reporter-output>
        </test-method> <!-- killAllNodes -->
        <test-method status="PASS" signature="inputGoals()[pri:0, instance:MobileApp.GoalTracker.GoalTest@3ffc5af1]" name="inputGoals" duration-ms="62228" started-at="2020-02-19T13:33:00Z" finished-at="2020-02-19T13:34:02Z">
          <reporter-output>
          </reporter-output>
        </test-method> <!-- inputGoals -->
      </class> <!-- MobileApp.GoalTracker.GoalTest -->
    </test> <!-- Test -->
  </suite> <!-- Suite -->
</testng-results>
